c:\users\administrator\source\repos\2.mfcapplication\2.mfcapplication\x64\debug\2.mfcapplication.pch
c:\users\administrator\source\repos\2.mfcapplication\2.mfcapplication\x64\debug\vc143.pdb
c:\users\administrator\source\repos\2.mfcapplication\2.mfcapplication\x64\debug\vc143.idb
c:\users\administrator\source\repos\2.mfcapplication\2.mfcapplication\x64\debug\pch.obj
c:\users\administrator\source\repos\2.mfcapplication\2.mfcapplication\x64\debug\2.mfcapplicationdlg.obj
c:\users\administrator\source\repos\2.mfcapplication\2.mfcapplication\x64\debug\2.mfcapplication.obj
c:\users\administrator\source\repos\2.mfcapplication\x64\debug\2.mfcapplication.exe
c:\users\administrator\source\repos\2.mfcapplication\2.mfcapplication\x64\debug\2.mfcapplication.ilk
c:\users\administrator\source\repos\2.mfcapplication\x64\debug\2.mfcapplication.pdb
c:\users\administrator\source\repos\2.mfcapplication\2.mfcapplication\x64\debug\my2mfcapplication.res
c:\users\administrator\source\repos\2.mfcapplication\2.mfcapplication\x64\debug\2.mfcapplication.tlog\cl.command.1.tlog
c:\users\administrator\source\repos\2.mfcapplication\2.mfcapplication\x64\debug\2.mfcapplication.tlog\cl.items.tlog
c:\users\administrator\source\repos\2.mfcapplication\2.mfcapplication\x64\debug\2.mfcapplication.tlog\cl.read.1.tlog
c:\users\administrator\source\repos\2.mfcapplication\2.mfcapplication\x64\debug\2.mfcapplication.tlog\cl.write.1.tlog
c:\users\administrator\source\repos\2.mfcapplication\2.mfcapplication\x64\debug\2.mfcapplication.tlog\link.command.1.tlog
c:\users\administrator\source\repos\2.mfcapplication\2.mfcapplication\x64\debug\2.mfcapplication.tlog\link.read.1.tlog
c:\users\administrator\source\repos\2.mfcapplication\2.mfcapplication\x64\debug\2.mfcapplication.tlog\link.write.1.tlog
c:\users\administrator\source\repos\2.mfcapplication\2.mfcapplication\x64\debug\2.mfcapplication.tlog\rc.command.1.tlog
c:\users\administrator\source\repos\2.mfcapplication\2.mfcapplication\x64\debug\2.mfcapplication.tlog\rc.read.1.tlog
c:\users\administrator\source\repos\2.mfcapplication\2.mfcapplication\x64\debug\2.mfcapplication.tlog\rc.write.1.tlog
